
*** Running vivado
    with args -log main.vds -m64 -product Vivado -mode batch -messageDb vivado.pb -notrace -source main.tcl


****** Vivado v2024.1 (64-bit)
  **** SW Build 5076996 on Wed May 22 18:36:09 MDT 2024
  **** IP Build 5075265 on Wed May 22 21:45:21 MDT 2024
  **** SharedData Build 5076995 on Wed May 22 18:29:18 MDT 2024
  **** Start of session at: Sun Nov 24 11:39:43 2024
    ** Copyright 1986-2022 Xilinx, Inc. All Rights Reserved.
    ** Copyright 2022-2024 Advanced Micro Devices, Inc. All Rights Reserved.

source main.tcl -notrace
Command: read_checkpoint -auto_incremental -incremental /home/sjq/Documents/Assignment/CS211DigitalLogic/CS211Project/Kitchen_Exhaust_Hood/Kitchen_Exhaust_Hood.srcs/utils_1/imports/synth_1/standard_clock_generator.dcp
INFO: [Vivado 12-5825] Read reference checkpoint from /home/sjq/Documents/Assignment/CS211DigitalLogic/CS211Project/Kitchen_Exhaust_Hood/Kitchen_Exhaust_Hood.srcs/utils_1/imports/synth_1/standard_clock_generator.dcp for incremental synthesis
INFO: [Vivado 12-7989] Please ensure there are no constraint changes
Command: synth_design -top main -part xc7a35tcsg324-1
Starting synth_design
Attempting to get a license for feature 'Synthesis' and/or device 'xc7a35t'
INFO: [Common 17-349] Got license for feature 'Synthesis' and/or device 'xc7a35t'
INFO: [Device 21-403] Loading part xc7a35tcsg324-1
INFO: [Device 21-9227] Part: xc7a35tcsg324-1 does not have CEAM library.
INFO: [Designutils 20-5440] No compile time benefit to using incremental synthesis; A full resynthesis will be run
INFO: [Designutils 20-4379] Flow is switching to default flow due to incremental criteria not met. If you would like to alter this behaviour and have the flow terminate instead, please set the following parameter config_implementation {autoIncr.Synth.RejectBehavior Terminate}
INFO: [Synth 8-7079] Multithreading enabled for synth_design using a maximum of 4 processes.
INFO: [Synth 8-7078] Launching helper process for spawning children vivado processes
INFO: [Synth 8-7075] Helper process launched with PID 117714
---------------------------------------------------------------------------------
Starting RTL Elaboration : Time (s): cpu = 00:00:02 ; elapsed = 00:00:02 . Memory (MB): peak = 2116.301 ; gain = 413.715 ; free physical = 18594 ; free virtual = 31734
---------------------------------------------------------------------------------
INFO: [Synth 8-6157] synthesizing module 'main' [/home/sjq/Documents/Assignment/CS211DigitalLogic/CS211Project/Kitchen_Exhaust_Hood/Kitchen_Exhaust_Hood.srcs/sources_1/new/main.v:23]
INFO: [Synth 8-6157] synthesizing module 'standard_clock_generator_60' [/home/sjq/Documents/Assignment/CS211DigitalLogic/CS211Project/Kitchen_Exhaust_Hood/Kitchen_Exhaust_Hood.srcs/sources_1/new/standard_clock_generator_60.v:23]
INFO: [Synth 8-6157] synthesizing module 'standard_clock_generator_1' [/home/sjq/Documents/Assignment/CS211DigitalLogic/CS211Project/Kitchen_Exhaust_Hood/Kitchen_Exhaust_Hood.srcs/sources_1/new/standard_clock_generator_1.v:23]
INFO: [Synth 8-6155] done synthesizing module 'standard_clock_generator_1' (0#1) [/home/sjq/Documents/Assignment/CS211DigitalLogic/CS211Project/Kitchen_Exhaust_Hood/Kitchen_Exhaust_Hood.srcs/sources_1/new/standard_clock_generator_1.v:23]
INFO: [Synth 8-6155] done synthesizing module 'standard_clock_generator_60' (0#1) [/home/sjq/Documents/Assignment/CS211DigitalLogic/CS211Project/Kitchen_Exhaust_Hood/Kitchen_Exhaust_Hood.srcs/sources_1/new/standard_clock_generator_60.v:23]
INFO: [Synth 8-6157] synthesizing module 'state_switcher' [/home/sjq/Documents/Assignment/CS211DigitalLogic/CS211Project/Kitchen_Exhaust_Hood/Kitchen_Exhaust_Hood.srcs/sources_1/new/state_switcher.v:23]
INFO: [Synth 8-6155] done synthesizing module 'state_switcher' (0#1) [/home/sjq/Documents/Assignment/CS211DigitalLogic/CS211Project/Kitchen_Exhaust_Hood/Kitchen_Exhaust_Hood.srcs/sources_1/new/state_switcher.v:23]
INFO: [Synth 8-6155] done synthesizing module 'main' (0#1) [/home/sjq/Documents/Assignment/CS211DigitalLogic/CS211Project/Kitchen_Exhaust_Hood/Kitchen_Exhaust_Hood.srcs/sources_1/new/main.v:23]
---------------------------------------------------------------------------------
Finished RTL Elaboration : Time (s): cpu = 00:00:02 ; elapsed = 00:00:02 . Memory (MB): peak = 2192.270 ; gain = 489.684 ; free physical = 18500 ; free virtual = 31641
---------------------------------------------------------------------------------
---------------------------------------------------------------------------------
Start Handling Custom Attributes
---------------------------------------------------------------------------------
---------------------------------------------------------------------------------
Finished Handling Custom Attributes : Time (s): cpu = 00:00:02 ; elapsed = 00:00:02 . Memory (MB): peak = 2207.113 ; gain = 504.527 ; free physical = 18500 ; free virtual = 31641
---------------------------------------------------------------------------------
---------------------------------------------------------------------------------
Finished RTL Optimization Phase 1 : Time (s): cpu = 00:00:02 ; elapsed = 00:00:02 . Memory (MB): peak = 2207.113 ; gain = 504.527 ; free physical = 18500 ; free virtual = 31641
---------------------------------------------------------------------------------
Netlist sorting complete. Time (s): cpu = 00:00:00 ; elapsed = 00:00:00 . Memory (MB): peak = 2207.113 ; gain = 0.000 ; free physical = 18500 ; free virtual = 31641
INFO: [Project 1-570] Preparing netlist for logic optimization

Processing XDC Constraints
Initializing timing engine
Parsing XDC File [/home/sjq/Downloads/main_constrain.xdc]
Finished Parsing XDC File [/home/sjq/Downloads/main_constrain.xdc]
INFO: [Project 1-236] Implementation specific constraints were found while reading constraint file [/home/sjq/Downloads/main_constrain.xdc]. These constraints will be ignored for synthesis but will be used in implementation. Impacted constraints are listed in the file [.Xil/main_propImpl.xdc].
Resolution: To avoid this warning, move constraints listed in [.Xil/main_propImpl.xdc] to another XDC file and exclude this new file from synthesis with the used_in_synthesis property (File Properties dialog in GUI) and re-run elaboration/synthesis.
Completed Processing XDC Constraints

Netlist sorting complete. Time (s): cpu = 00:00:00 ; elapsed = 00:00:00 . Memory (MB): peak = 2334.863 ; gain = 0.000 ; free physical = 18492 ; free virtual = 31633
INFO: [Project 1-111] Unisim Transformation Summary:
No Unisim elements were transformed.

Constraint Validation Runtime : Time (s): cpu = 00:00:00 ; elapsed = 00:00:00 . Memory (MB): peak = 2334.863 ; gain = 0.000 ; free physical = 18492 ; free virtual = 31633
INFO: [Designutils 20-5440] No compile time benefit to using incremental synthesis; A full resynthesis will be run
INFO: [Designutils 20-4379] Flow is switching to default flow due to incremental criteria not met. If you would like to alter this behaviour and have the flow terminate instead, please set the following parameter config_implementation {autoIncr.Synth.RejectBehavior Terminate}
---------------------------------------------------------------------------------
Finished Constraint Validation : Time (s): cpu = 00:00:05 ; elapsed = 00:00:05 . Memory (MB): peak = 2334.863 ; gain = 632.277 ; free physical = 18495 ; free virtual = 31636
---------------------------------------------------------------------------------
---------------------------------------------------------------------------------
Start Loading Part and Timing Information
---------------------------------------------------------------------------------
Loading part: xc7a35tcsg324-1
---------------------------------------------------------------------------------
Finished Loading Part and Timing Information : Time (s): cpu = 00:00:05 ; elapsed = 00:00:05 . Memory (MB): peak = 2342.867 ; gain = 640.281 ; free physical = 18495 ; free virtual = 31636
---------------------------------------------------------------------------------
---------------------------------------------------------------------------------
Start Applying 'set_property' XDC Constraints
---------------------------------------------------------------------------------
---------------------------------------------------------------------------------
Finished applying 'set_property' XDC Constraints : Time (s): cpu = 00:00:05 ; elapsed = 00:00:05 . Memory (MB): peak = 2342.867 ; gain = 640.281 ; free physical = 18495 ; free virtual = 31636
---------------------------------------------------------------------------------
---------------------------------------------------------------------------------
Finished RTL Optimization Phase 2 : Time (s): cpu = 00:00:05 ; elapsed = 00:00:05 . Memory (MB): peak = 2342.867 ; gain = 640.281 ; free physical = 18487 ; free virtual = 31628
---------------------------------------------------------------------------------
---------------------------------------------------------------------------------
Start RTL Component Statistics 
---------------------------------------------------------------------------------
Detailed RTL Component Info : 
+---Adders : 
	   2 Input   26 Bit       Adders := 1     
	   2 Input    6 Bit       Adders := 1     
+---Registers : 
	               26 Bit    Registers := 1     
	                6 Bit    Registers := 1     
	                1 Bit    Registers := 2     
+---Muxes : 
	   2 Input    1 Bit        Muxes := 1     
---------------------------------------------------------------------------------
Finished RTL Component Statistics 
---------------------------------------------------------------------------------
---------------------------------------------------------------------------------
Start Part Resource Summary
---------------------------------------------------------------------------------
Part Resources:
DSPs: 90 (col length:60)
BRAMs: 100 (col length: RAMB18 60 RAMB36 30)
---------------------------------------------------------------------------------
Finished Part Resource Summary
---------------------------------------------------------------------------------
---------------------------------------------------------------------------------
Start Cross Boundary and Area Optimization
---------------------------------------------------------------------------------
WARNING: [Synth 8-7080] Parallel synthesis criteria is not met
---------------------------------------------------------------------------------
Finished Cross Boundary and Area Optimization : Time (s): cpu = 00:00:06 ; elapsed = 00:00:06 . Memory (MB): peak = 2342.867 ; gain = 640.281 ; free physical = 18465 ; free virtual = 31610
---------------------------------------------------------------------------------
---------------------------------------------------------------------------------
Start Applying XDC Timing Constraints
---------------------------------------------------------------------------------
---------------------------------------------------------------------------------
Finished Applying XDC Timing Constraints : Time (s): cpu = 00:00:08 ; elapsed = 00:00:08 . Memory (MB): peak = 2342.867 ; gain = 640.281 ; free physical = 18467 ; free virtual = 31613
---------------------------------------------------------------------------------
---------------------------------------------------------------------------------
Start Timing Optimization
---------------------------------------------------------------------------------
---------------------------------------------------------------------------------
Finished Timing Optimization : Time (s): cpu = 00:00:08 ; elapsed = 00:00:08 . Memory (MB): peak = 2342.867 ; gain = 640.281 ; free physical = 18467 ; free virtual = 31613
---------------------------------------------------------------------------------
---------------------------------------------------------------------------------
Start Technology Mapping
---------------------------------------------------------------------------------
---------------------------------------------------------------------------------
Finished Technology Mapping : Time (s): cpu = 00:00:08 ; elapsed = 00:00:08 . Memory (MB): peak = 2342.867 ; gain = 640.281 ; free physical = 18467 ; free virtual = 31613
---------------------------------------------------------------------------------
---------------------------------------------------------------------------------
Start IO Insertion
---------------------------------------------------------------------------------
---------------------------------------------------------------------------------
Start Flattening Before IO Insertion
---------------------------------------------------------------------------------
---------------------------------------------------------------------------------
Finished Flattening Before IO Insertion
---------------------------------------------------------------------------------
---------------------------------------------------------------------------------
Start Final Netlist Cleanup
---------------------------------------------------------------------------------
---------------------------------------------------------------------------------
Finished Final Netlist Cleanup
---------------------------------------------------------------------------------
---------------------------------------------------------------------------------
Finished IO Insertion : Time (s): cpu = 00:00:10 ; elapsed = 00:00:10 . Memory (MB): peak = 2342.867 ; gain = 640.281 ; free physical = 18470 ; free virtual = 31616
---------------------------------------------------------------------------------
---------------------------------------------------------------------------------
Start Renaming Generated Instances
---------------------------------------------------------------------------------
---------------------------------------------------------------------------------
Finished Renaming Generated Instances : Time (s): cpu = 00:00:10 ; elapsed = 00:00:10 . Memory (MB): peak = 2342.867 ; gain = 640.281 ; free physical = 18470 ; free virtual = 31616
---------------------------------------------------------------------------------
---------------------------------------------------------------------------------
Start Rebuilding User Hierarchy
---------------------------------------------------------------------------------
---------------------------------------------------------------------------------
Finished Rebuilding User Hierarchy : Time (s): cpu = 00:00:10 ; elapsed = 00:00:10 . Memory (MB): peak = 2342.867 ; gain = 640.281 ; free physical = 18470 ; free virtual = 31616
---------------------------------------------------------------------------------
---------------------------------------------------------------------------------
Start Renaming Generated Ports
---------------------------------------------------------------------------------
---------------------------------------------------------------------------------
Finished Renaming Generated Ports : Time (s): cpu = 00:00:10 ; elapsed = 00:00:10 . Memory (MB): peak = 2342.867 ; gain = 640.281 ; free physical = 18470 ; free virtual = 31616
---------------------------------------------------------------------------------
---------------------------------------------------------------------------------
Start Handling Custom Attributes
---------------------------------------------------------------------------------
---------------------------------------------------------------------------------
Finished Handling Custom Attributes : Time (s): cpu = 00:00:10 ; elapsed = 00:00:10 . Memory (MB): peak = 2342.867 ; gain = 640.281 ; free physical = 18470 ; free virtual = 31616
---------------------------------------------------------------------------------
---------------------------------------------------------------------------------
Start Renaming Generated Nets
---------------------------------------------------------------------------------
---------------------------------------------------------------------------------
Finished Renaming Generated Nets : Time (s): cpu = 00:00:10 ; elapsed = 00:00:10 . Memory (MB): peak = 2342.867 ; gain = 640.281 ; free physical = 18470 ; free virtual = 31616
---------------------------------------------------------------------------------
---------------------------------------------------------------------------------
Start Writing Synthesis Report
---------------------------------------------------------------------------------

Report BlackBoxes: 
+------+---------------+----------+
|      |BlackBox name  |Instances |
+------+---------------+----------+
|1     |state_switcher |         1|
+------+---------------+----------+

Report Cell Usage: 
+------+---------------+------+
|      |Cell           |Count |
+------+---------------+------+
|1     |state_switcher |     1|
|2     |BUFG           |     1|
|3     |CARRY4         |     7|
|4     |LUT1           |     1|
|5     |LUT2           |     4|
|6     |LUT3           |     1|
|7     |LUT4           |     5|
|8     |LUT5           |     1|
|9     |LUT6           |     7|
|10    |FDCE           |     6|
|11    |FDPE           |     1|
|12    |FDRE           |    27|
|13    |IBUF           |    15|
|14    |OBUF           |    40|
+------+---------------+------+
---------------------------------------------------------------------------------
Finished Writing Synthesis Report : Time (s): cpu = 00:00:10 ; elapsed = 00:00:10 . Memory (MB): peak = 2342.867 ; gain = 640.281 ; free physical = 18470 ; free virtual = 31616
---------------------------------------------------------------------------------
Synthesis finished with 0 errors, 0 critical warnings and 1 warnings.
Synthesis Optimization Runtime : Time (s): cpu = 00:00:09 ; elapsed = 00:00:09 . Memory (MB): peak = 2342.867 ; gain = 512.531 ; free physical = 18470 ; free virtual = 31616
Synthesis Optimization Complete : Time (s): cpu = 00:00:10 ; elapsed = 00:00:10 . Memory (MB): peak = 2342.875 ; gain = 640.281 ; free physical = 18470 ; free virtual = 31616
INFO: [Project 1-571] Translating synthesized netlist
Netlist sorting complete. Time (s): cpu = 00:00:00 ; elapsed = 00:00:00 . Memory (MB): peak = 2342.875 ; gain = 0.000 ; free physical = 18470 ; free virtual = 31616
INFO: [Netlist 29-17] Analyzing 7 Unisim elements for replacement
INFO: [Netlist 29-28] Unisim Transformation completed in 0 CPU seconds
INFO: [Project 1-570] Preparing netlist for logic optimization
INFO: [Opt 31-138] Pushed 0 inverter(s) to 0 load pin(s).
Netlist sorting complete. Time (s): cpu = 00:00:00 ; elapsed = 00:00:00 . Memory (MB): peak = 2398.895 ; gain = 0.000 ; free physical = 18736 ; free virtual = 31881
INFO: [Project 1-111] Unisim Transformation Summary:
No Unisim elements were transformed.

Synth Design complete | Checksum: 8de979e5
INFO: [Common 17-83] Releasing license: Synthesis
30 Infos, 1 Warnings, 0 Critical Warnings and 0 Errors encountered.
synth_design completed successfully
synth_design: Time (s): cpu = 00:00:13 ; elapsed = 00:00:12 . Memory (MB): peak = 2398.895 ; gain = 975.473 ; free physical = 18736 ; free virtual = 31881
INFO: [Common 17-2834] synth_design peak Physical Memory [PSS] (MB): overall = 1526.042; main = 1526.042; forked = 0.000
INFO: [Common 17-2834] synth_design peak Virtual Memory [VSS] (MB): overall = 2398.898; main = 2398.898; forked = 0.000
Write ShapeDB Complete: Time (s): cpu = 00:00:00 ; elapsed = 00:00:00 . Memory (MB): peak = 2422.906 ; gain = 0.000 ; free physical = 18736 ; free virtual = 31881
INFO: [Common 17-1381] The checkpoint '/home/sjq/Documents/Assignment/CS211DigitalLogic/CS211Project/Kitchen_Exhaust_Hood/Kitchen_Exhaust_Hood.runs/synth_1/main.dcp' has been generated.
INFO: [Vivado 12-24828] Executing command : report_utilization -file main_utilization_synth.rpt -pb main_utilization_synth.pb
INFO: [Common 17-206] Exiting Vivado at Sun Nov 24 11:40:00 2024...
